
Gen Data: iters = 100000
Gen Data: Done
apt-get update
E: The repository 'http://ppa.launchpad.net/tista/adapta/ubuntu focal Release' does not have a Release file.

Check: openjdk
openjdk version "1.8.0_312"
OpenJDK Runtime Environment (build 1.8.0_312-8u312-b07-0ubuntu1~20.04-b07)
OpenJDK 64-Bit Server VM (build 25.312-b07, mixed mode)

Check: scala
Scala code runner version 2.11.12 -- Copyright 2002-2017, LAMP/EPFL

Check: spark
22/04/07 18:02:39 WARN Utils: Your hostname, Mixen-PC resolves to a loopback address: 127.0.1.1; using 172.31.97.100 instead (on interface eth0)
22/04/07 18:02:39 WARN Utils: Set SPARK_LOCAL_IP if you need to bind to another address
Welcome to
      ____              __
     / __/__  ___ _____/ /__
    _\ \/ _ \/ _ `/ __/  '_/
   /___/ .__/\_,_/_/ /_/\_\   version 3.2.1
      /_/
                        
Using Scala version 2.12.15, OpenJDK 64-Bit Server VM, 1.8.0_312
Branch HEAD
Compiled by user hgao on 2022-01-20T19:26:14Z
Revision 4f25b3f71238a00508a356591553f2dfa89f8290
Url https://github.com/apache/spark
Type --help for more information.

Check: kafka
/opt/kafka-3.1.0-src/bin/kafka-topics.sh

Check: cassandra
Desired=Unknown/Install/Remove/Purge/Hold
| Status=Not/Inst/Conf-files/Unpacked/halF-conf/Half-inst/trig-aWait/Trig-pend
|/ Err?=(none)/Reinst-required (Status,Err: uppercase=bad)
||/ Name           Version      Architecture Description
+++-==============-============-============-==============================================
ii  cassandra      4.0.3        all          distributed storage system for structured data

Check: connector
-rw-r--r-- 1 root root 29910754 Apr  7 11:20 /opt/kafka_plugins/kafka-connect-cassandra-sink-1.4.0.jar

All dependencies: OK

Services processing
Starting ssh
 * Starting OpenBSD Secure Shell server sshd
   ...done.
Starting cassandra

Services processing: Done
