log4j:WARN No appenders could be found for logger (LABA_2.LABA_2_APP).
log4j:WARN Please initialize the log4j system properly.
log4j:WARN See http://logging.apache.org/log4j/1.2/faq.html#noconfig for more info.
Using Spark's default log4j profile: org/apache/spark/log4j-defaults.properties
22/04/07 18:04:17 WARN Utils: Your hostname, Mixen-PC resolves to a loopback address: 127.0.1.1; using 172.31.97.100 instead (on interface eth0)
22/04/07 18:04:17 WARN Utils: Set SPARK_LOCAL_IP if you need to bind to another address
22/04/07 18:04:17 INFO SparkContext: Running Spark version 2.3.1
22/04/07 18:04:17 WARN NativeCodeLoader: Unable to load native-hadoop library for your platform... using builtin-java classes where applicable
22/04/07 18:04:17 INFO SparkContext: Submitted application: LABA_2
22/04/07 18:04:17 INFO SecurityManager: Changing view acls to: root
22/04/07 18:04:17 INFO SecurityManager: Changing modify acls to: root
22/04/07 18:04:17 INFO SecurityManager: Changing view acls groups to: 
22/04/07 18:04:17 INFO SecurityManager: Changing modify acls groups to: 
22/04/07 18:04:17 INFO SecurityManager: SecurityManager: authentication disabled; ui acls disabled; users  with view permissions: Set(root); groups with view permissions: Set(); users  with modify permissions: Set(root); groups with modify permissions: Set()
22/04/07 18:04:17 INFO Utils: Successfully started service 'sparkDriver' on port 43267.
22/04/07 18:04:17 INFO SparkEnv: Registering MapOutputTracker
22/04/07 18:04:17 INFO SparkEnv: Registering BlockManagerMaster
22/04/07 18:04:17 INFO BlockManagerMasterEndpoint: Using org.apache.spark.storage.DefaultTopologyMapper for getting topology information
22/04/07 18:04:17 INFO BlockManagerMasterEndpoint: BlockManagerMasterEndpoint up
22/04/07 18:04:17 INFO DiskBlockManager: Created local directory at /tmp/blockmgr-b015ab89-f0b7-45fd-b6a6-9073728cba89
22/04/07 18:04:17 INFO MemoryStore: MemoryStore started with capacity 1517.1 MB
22/04/07 18:04:17 INFO SparkEnv: Registering OutputCommitCoordinator
22/04/07 18:04:17 INFO Utils: Successfully started service 'SparkUI' on port 4040.
22/04/07 18:04:17 INFO SparkUI: Bound SparkUI to 0.0.0.0, and started at http://172.31.97.100:4040
22/04/07 18:04:17 INFO Executor: Starting executor ID driver on host localhost
22/04/07 18:04:17 INFO Utils: Successfully started service 'org.apache.spark.network.netty.NettyBlockTransferService' on port 33159.
22/04/07 18:04:17 INFO NettyBlockTransferService: Server created on 172.31.97.100:33159
22/04/07 18:04:17 INFO BlockManager: Using org.apache.spark.storage.RandomBlockReplicationPolicy for block replication policy
22/04/07 18:04:18 INFO BlockManagerMaster: Registering BlockManager BlockManagerId(driver, 172.31.97.100, 33159, None)
22/04/07 18:04:18 INFO BlockManagerMasterEndpoint: Registering block manager 172.31.97.100:33159 with 1517.1 MB RAM, BlockManagerId(driver, 172.31.97.100, 33159, None)
22/04/07 18:04:18 INFO BlockManagerMaster: Registered BlockManager BlockManagerId(driver, 172.31.97.100, 33159, None)
22/04/07 18:04:18 INFO BlockManager: Initialized BlockManager: BlockManagerId(driver, 172.31.97.100, 33159, None)
22/04/07 18:04:18 INFO Cassandra_help: Create Cassandra Session
22/04/07 18:04:18 INFO core: DataStax Java driver 3.11.0 for Apache Cassandra
22/04/07 18:04:18 INFO GuavaCompatibility: Detected Guava >= 19 in the classpath, using modern compatibility layer
22/04/07 18:04:18 INFO ClockFactory: Using native clock to generate timestamps.
22/04/07 18:04:18 INFO NettyUtil: Found Netty's native epoll transport in the classpath, using it
22/04/07 18:04:18 INFO DCAwareRoundRobinPolicy: Using data-center name 'datacenter1' for DCAwareRoundRobinPolicy (if this is incorrect, please provide the correct datacenter name with DCAwareRoundRobinPolicy constructor)
22/04/07 18:04:18 INFO Cluster: New Cassandra host /127.0.0.1:9042 added
22/04/07 18:04:18 INFO Cassandra_help: Read data from Cassandra
22/04/07 18:04:18 INFO LABA_2_CORE: Parse input data
22/04/07 18:04:19 INFO LABA_2_CORE: Create JavaRDD
22/04/07 18:04:19 INFO LABA_2_CORE: Job: Filter JavaRDD
22/04/07 18:04:19 INFO LABA_2_CORE: Job: Create JavaPairRDD
22/04/07 18:04:19 INFO LABA_2_CORE: Job: Reduce JavaPairRD
22/04/07 18:04:19 INFO SparkContext: Starting job: collect at LABA_2_CORE.java:97
22/04/07 18:04:19 INFO DAGScheduler: Registering RDD 2 (mapToPair at LABA_2_CORE.java:93)
22/04/07 18:04:19 INFO DAGScheduler: Got job 0 (collect at LABA_2_CORE.java:97) with 1 output partitions
22/04/07 18:04:19 INFO DAGScheduler: Final stage: ResultStage 1 (collect at LABA_2_CORE.java:97)
22/04/07 18:04:19 INFO DAGScheduler: Parents of final stage: List(ShuffleMapStage 0)
22/04/07 18:04:19 INFO DAGScheduler: Missing parents: List(ShuffleMapStage 0)
22/04/07 18:04:19 INFO DAGScheduler: Submitting ShuffleMapStage 0 (MapPartitionsRDD[2] at mapToPair at LABA_2_CORE.java:93), which has no missing parents
22/04/07 18:04:19 INFO MemoryStore: Block broadcast_0 stored as values in memory (estimated size 4.5 KB, free 1517.1 MB)
22/04/07 18:04:19 INFO MemoryStore: Block broadcast_0_piece0 stored as bytes in memory (estimated size 2.5 KB, free 1517.1 MB)
22/04/07 18:04:19 INFO BlockManagerInfo: Added broadcast_0_piece0 in memory on 172.31.97.100:33159 (size: 2.5 KB, free: 1517.1 MB)
22/04/07 18:04:19 INFO SparkContext: Created broadcast 0 from broadcast at DAGScheduler.scala:1039
22/04/07 18:04:19 INFO DAGScheduler: Submitting 1 missing tasks from ShuffleMapStage 0 (MapPartitionsRDD[2] at mapToPair at LABA_2_CORE.java:93) (first 15 tasks are for partitions Vector(0))
22/04/07 18:04:19 INFO TaskSchedulerImpl: Adding task set 0.0 with 1 tasks
22/04/07 18:04:19 WARN TaskSetManager: Stage 0 contains a task of very large size (2375 KB). The maximum recommended task size is 100 KB.
22/04/07 18:04:19 INFO TaskSetManager: Starting task 0.0 in stage 0.0 (TID 0, localhost, executor driver, partition 0, PROCESS_LOCAL, 2432226 bytes)
22/04/07 18:04:19 INFO Executor: Running task 0.0 in stage 0.0 (TID 0)
22/04/07 18:04:19 INFO Executor: Finished task 0.0 in stage 0.0 (TID 0). 1111 bytes result sent to driver
22/04/07 18:04:19 INFO TaskSetManager: Finished task 0.0 in stage 0.0 (TID 0) in 567 ms on localhost (executor driver) (1/1)
22/04/07 18:04:19 INFO TaskSchedulerImpl: Removed TaskSet 0.0, whose tasks have all completed, from pool 
22/04/07 18:04:19 INFO DAGScheduler: ShuffleMapStage 0 (mapToPair at LABA_2_CORE.java:93) finished in 0.631 s
22/04/07 18:04:19 INFO DAGScheduler: looking for newly runnable stages
22/04/07 18:04:19 INFO DAGScheduler: running: Set()
22/04/07 18:04:19 INFO DAGScheduler: waiting: Set(ResultStage 1)
22/04/07 18:04:19 INFO DAGScheduler: failed: Set()
22/04/07 18:04:19 INFO DAGScheduler: Submitting ResultStage 1 (ShuffledRDD[3] at reduceByKey at LABA_2_CORE.java:97), which has no missing parents
22/04/07 18:04:19 INFO MemoryStore: Block broadcast_1 stored as values in memory (estimated size 3.6 KB, free 1517.1 MB)
22/04/07 18:04:19 INFO MemoryStore: Block broadcast_1_piece0 stored as bytes in memory (estimated size 2.1 KB, free 1517.1 MB)
22/04/07 18:04:19 INFO BlockManagerInfo: Added broadcast_1_piece0 in memory on 172.31.97.100:33159 (size: 2.1 KB, free: 1517.1 MB)
22/04/07 18:04:19 INFO SparkContext: Created broadcast 1 from broadcast at DAGScheduler.scala:1039
22/04/07 18:04:19 INFO DAGScheduler: Submitting 1 missing tasks from ResultStage 1 (ShuffledRDD[3] at reduceByKey at LABA_2_CORE.java:97) (first 15 tasks are for partitions Vector(0))
22/04/07 18:04:19 INFO TaskSchedulerImpl: Adding task set 1.0 with 1 tasks
22/04/07 18:04:19 INFO TaskSetManager: Starting task 0.0 in stage 1.0 (TID 1, localhost, executor driver, partition 0, ANY, 7649 bytes)
22/04/07 18:04:19 INFO Executor: Running task 0.0 in stage 1.0 (TID 1)
22/04/07 18:04:19 INFO ShuffleBlockFetcherIterator: Getting 1 non-empty blocks out of 1 blocks
22/04/07 18:04:19 INFO ShuffleBlockFetcherIterator: Started 0 remote fetches in 3 ms
22/04/07 18:04:20 INFO MemoryStore: Block taskresult_1 stored as bytes in memory (estimated size 1849.9 KB, free 1515.3 MB)
22/04/07 18:04:20 INFO BlockManagerInfo: Added taskresult_1 in memory on 172.31.97.100:33159 (size: 1849.9 KB, free: 1515.3 MB)
22/04/07 18:04:20 INFO Executor: Finished task 0.0 in stage 1.0 (TID 1). 1894326 bytes result sent via BlockManager)
22/04/07 18:04:20 INFO TransportClientFactory: Successfully created connection to /172.31.97.100:33159 after 6 ms (0 ms spent in bootstraps)
22/04/07 18:04:20 INFO TaskSetManager: Finished task 0.0 in stage 1.0 (TID 1) in 369 ms on localhost (executor driver) (1/1)
22/04/07 18:04:20 INFO TaskSchedulerImpl: Removed TaskSet 1.0, whose tasks have all completed, from pool 
22/04/07 18:04:20 INFO DAGScheduler: ResultStage 1 (collect at LABA_2_CORE.java:97) finished in 0.378 s
22/04/07 18:04:20 INFO BlockManagerInfo: Removed taskresult_1 on 172.31.97.100:33159 in memory (size: 1849.9 KB, free: 1517.1 MB)
22/04/07 18:04:20 INFO DAGScheduler: Job 0 finished: collect at LABA_2_CORE.java:97, took 1.040842 s
22/04/07 18:04:20 INFO Cassandra_help: Create Result Table
22/04/07 18:04:20 INFO LABA_2_CORE: Save Result
22/04/07 18:04:30 INFO ContextCleaner: Cleaned accumulator 29
22/04/07 18:04:30 INFO ContextCleaner: Cleaned accumulator 34
22/04/07 18:04:30 INFO BlockManagerInfo: Removed broadcast_1_piece0 on 172.31.97.100:33159 in memory (size: 2.1 KB, free: 1517.1 MB)
22/04/07 18:04:30 INFO ContextCleaner: Cleaned accumulator 36
22/04/07 18:04:30 INFO ContextCleaner: Cleaned accumulator 32
22/04/07 18:04:30 INFO ContextCleaner: Cleaned accumulator 31
22/04/07 18:04:30 INFO ContextCleaner: Cleaned accumulator 46
22/04/07 18:04:30 INFO ContextCleaner: Cleaned accumulator 33
22/04/07 18:04:30 INFO ContextCleaner: Cleaned accumulator 40
22/04/07 18:04:30 INFO ContextCleaner: Cleaned accumulator 41
22/04/07 18:04:30 INFO ContextCleaner: Cleaned accumulator 44
22/04/07 18:04:30 INFO ContextCleaner: Cleaned accumulator 27
22/04/07 18:04:30 INFO ContextCleaner: Cleaned accumulator 28
22/04/07 18:04:30 INFO ContextCleaner: Cleaned accumulator 25
22/04/07 18:04:30 INFO ContextCleaner: Cleaned accumulator 47
22/04/07 18:04:30 INFO ContextCleaner: Cleaned accumulator 39
22/04/07 18:04:30 INFO ContextCleaner: Cleaned accumulator 48
22/04/07 18:04:30 INFO ContextCleaner: Cleaned accumulator 43
22/04/07 18:04:30 INFO ContextCleaner: Cleaned accumulator 37
22/04/07 18:04:30 INFO ContextCleaner: Cleaned accumulator 49
22/04/07 18:04:30 INFO ContextCleaner: Cleaned accumulator 35
22/04/07 18:04:30 INFO ContextCleaner: Cleaned accumulator 26
22/04/07 18:04:30 INFO ContextCleaner: Cleaned accumulator 38
22/04/07 18:04:30 INFO ContextCleaner: Cleaned accumulator 30
22/04/07 18:04:30 INFO ContextCleaner: Cleaned accumulator 45
22/04/07 18:04:30 INFO ContextCleaner: Cleaned accumulator 42
22/04/07 18:04:44 INFO LABA_2_APP: Appliction finished!
22/04/07 18:04:45 INFO SparkContext: Invoking stop() from shutdown hook
22/04/07 18:04:45 INFO SparkUI: Stopped Spark web UI at http://172.31.97.100:4040
22/04/07 18:04:45 INFO MapOutputTrackerMasterEndpoint: MapOutputTrackerMasterEndpoint stopped!
22/04/07 18:04:45 INFO MemoryStore: MemoryStore cleared
22/04/07 18:04:45 INFO BlockManager: BlockManager stopped
22/04/07 18:04:45 INFO BlockManagerMaster: BlockManagerMaster stopped
22/04/07 18:04:45 INFO OutputCommitCoordinator$OutputCommitCoordinatorEndpoint: OutputCommitCoordinator stopped!
22/04/07 18:04:45 INFO SparkContext: Successfully stopped SparkContext
22/04/07 18:04:45 INFO ShutdownHookManager: Shutdown hook called
22/04/07 18:04:45 INFO ShutdownHookManager: Deleting directory /tmp/spark-fb4b28f5-be68-4018-ada4-10e725df1212
